<?xml version="1.0" encoding="UTF-8"?>
<testsuite name="com.app.server.service.lexmauriscontext.legal.LitigationSubCategoryTestCase" tests="6" skipped="0" failures="0" errors="0" timestamp="2016-03-31T13:00:49" hostname="89899f55dcd4" time="0.09">
  <properties/>
  <testcase name="test1Save" classname="com.app.server.service.lexmauriscontext.legal.LitigationSubCategoryTestCase" time="0.037"/>
  <testcase name="test2Update" classname="com.app.server.service.lexmauriscontext.legal.LitigationSubCategoryTestCase" time="0.016"/>
  <testcase name="test3FindById" classname="com.app.server.service.lexmauriscontext.legal.LitigationSubCategoryTestCase" time="0.007"/>
  <testcase name="test3findBylitigationCategoryId" classname="com.app.server.service.lexmauriscontext.legal.LitigationSubCategoryTestCase" time="0.005"/>
  <testcase name="test5NegativeTesting" classname="com.app.server.service.lexmauriscontext.legal.LitigationSubCategoryTestCase" time="0.009"/>
  <testcase name="test6Delete" classname="com.app.server.service.lexmauriscontext.legal.LitigationSubCategoryTestCase" time="0.015"/>
  <system-out><![CDATA[[EL Fine]: sql: 2016-03-31 13:00:50.017--ClientSession(1743317518)--Connection(216377202)--Thread(Thread[Test worker,5,main])--INSERT INTO ast_LitigationCategory_M (litigationCatId, litigationCat, versionId, createdBy, createdDate, updatedBy, updatedDate, activeStatus, txnAccessCode) VALUES (?, ?, ?, ?, ?, ?, ?, ?, ?)
	bind => [480A1DA6-D463-4771-9C84-8E3C82D92F7A, 4vCYF1bzWmd1zBgZZxxMz4HE7jwFifWe81T4bpkuKj52185qN8, 1, AAAAA, 2016-03-31 13:00:50.014, null, 2016-03-31 13:00:50.014, 1, 51000]
Setting logged in user info for ADD
[EL Fine]: sql: 2016-03-31 13:00:50.025--ClientSession(953044409)--Connection(216377202)--Thread(Thread[Test worker,5,main])--INSERT INTO ast_LitigationSubCategory_M (litSubCategoryId, litSubCategory, litigationCategoryId, versionId, createdBy, createdDate, updatedBy, updatedDate, activeStatus, txnAccessCode) VALUES (?, ?, ?, ?, ?, ?, ?, ?, ?, ?)
	bind => [9A319565-D604-4509-9119-2D58A20A6119, QjYP0Cj5pe4xNtqptSUNAAoLoWKzPa0gRA34l0uY3tSLm6q7PY, 480A1DA6-D463-4771-9C84-8E3C82D92F7A, 1, AAAAA, 2016-03-31 13:00:50.021, null, 2016-03-31 13:00:50.021, 1, 51000]
[EL Fine]: sql: 2016-03-31 13:00:50.033--ClientSession(211762047)--Connection(216377202)--Thread(Thread[Test worker,5,main])--SELECT litSubCategoryId, litSubCategory, litigationCategoryId, versionId, createdBy, createdDate, updatedBy, updatedDate, activeStatus, txnAccessCode FROM ast_LitigationSubCategory_M WHERE ((activeStatus = ?) AND (litSubCategoryId = ?))
	bind => [1, 9A319565-D604-4509-9119-2D58A20A6119]
Setting logged in user info for UPDATE
[EL Fine]: sql: 2016-03-31 13:00:50.039--ClientSession(891175720)--Connection(216377202)--Thread(Thread[Test worker,5,main])--SELECT litSubCategoryId, litSubCategory, litigationCategoryId, versionId, createdBy, createdDate, updatedBy, updatedDate, activeStatus, txnAccessCode FROM ast_LitigationSubCategory_M WHERE (litSubCategoryId = ?)
	bind => [9A319565-D604-4509-9119-2D58A20A6119]
[EL Fine]: sql: 2016-03-31 13:00:50.041--ClientSession(891175720)--Connection(216377202)--Thread(Thread[Test worker,5,main])--UPDATE ast_LitigationSubCategory_M SET litSubCategory = ?, updatedBy = ?, versionId = ? WHERE ((litSubCategoryId = ?) AND (versionId = ?))
	bind => [UmRHgljtjZPA6TuQ1lGn3WlXxSgN5DSFKpEFT1lkjS0lTr8jAP, AAAAA, 2, 9A319565-D604-4509-9119-2D58A20A6119, 1]
[EL Fine]: sql: 2016-03-31 13:00:50.051--ClientSession(1373129788)--Connection(216377202)--Thread(Thread[Test worker,5,main])--SELECT litSubCategoryId, litSubCategory, litigationCategoryId, versionId, createdBy, createdDate, updatedBy, updatedDate, activeStatus, txnAccessCode FROM ast_LitigationSubCategory_M WHERE ((activeStatus = ?) AND (litSubCategoryId = ?))
	bind => [1, 9A319565-D604-4509-9119-2D58A20A6119]
[EL Fine]: sql: 2016-03-31 13:00:50.057--ClientSession(1992334176)--Connection(216377202)--Thread(Thread[Test worker,5,main])--SELECT litSubCategoryId, litSubCategory, litigationCategoryId, versionId, createdBy, createdDate, updatedBy, updatedDate, activeStatus, txnAccessCode FROM ast_LitigationSubCategory_M WHERE ((activeStatus = ?) AND (litigationCategoryId = ?))
	bind => [1, 480A1DA6-D463-4771-9C84-8E3C82D92F7A]
[EL Fine]: sql: 2016-03-31 13:00:50.071--ClientSession(922144566)--Connection(216377202)--Thread(Thread[Test worker,5,main])--SELECT litSubCategoryId, litSubCategory, litigationCategoryId, versionId, createdBy, createdDate, updatedBy, updatedDate, activeStatus, txnAccessCode FROM ast_LitigationSubCategory_M WHERE (litSubCategoryId = ?)
	bind => [9A319565-D604-4509-9119-2D58A20A6119]
[EL Fine]: sql: 2016-03-31 13:00:50.073--ClientSession(922144566)--Connection(216377202)--Thread(Thread[Test worker,5,main])--DELETE FROM ast_LitigationSubCategory_M WHERE ((litSubCategoryId = ?) AND (versionId = ?))
	bind => [9A319565-D604-4509-9119-2D58A20A6119, 2]
[EL Fine]: sql: 2016-03-31 13:00:50.077--ClientSession(2134380742)--Connection(216377202)--Thread(Thread[Test worker,5,main])--SELECT litigationCatId, litigationCat, versionId, createdBy, createdDate, updatedBy, updatedDate, activeStatus, txnAccessCode FROM ast_LitigationCategory_M WHERE (litigationCatId = ?)
	bind => [480A1DA6-D463-4771-9C84-8E3C82D92F7A]
[EL Fine]: sql: 2016-03-31 13:00:50.079--ClientSession(2134380742)--Connection(216377202)--Thread(Thread[Test worker,5,main])--DELETE FROM ast_LitigationCategory_M WHERE ((litigationCatId = ?) AND (versionId = ?))
	bind => [480A1DA6-D463-4771-9C84-8E3C82D92F7A, 1]
]]></system-out>
  <system-err><![CDATA[com.app.shared.lexmauriscontext.legal.LitigationSubCategory.litSubCategory may not be null
com.athena.framework.server.exception.biz.SpartanConstraintViolationException: Exception in validating entity /com.app.shared.lexmauriscontext.legal.LitigationSubCategory.litSubCategory may not be null

	at com.athena.framework.server.helper.EntityValidatorHelper.validateEntity(EntityValidatorHelper.java:28)
	at com.app.shared.lexmauriscontext.legal.LitigationSubCategory.isValid(LitigationSubCategory.java:149)
	at com.app.server.service.lexmauriscontext.legal.LitigationSubCategoryTestCase.validateLitigationSubCategory(LitigationSubCategoryTestCase.java:198)
	at com.app.server.service.lexmauriscontext.legal.LitigationSubCategoryTestCase.test5NegativeTesting(LitigationSubCategoryTestCase.java:229)
	at sun.reflect.NativeMethodAccessorImpl.invoke0(Native Method)
	at sun.reflect.NativeMethodAccessorImpl.invoke(NativeMethodAccessorImpl.java:57)
	at sun.reflect.DelegatingMethodAccessorImpl.invoke(DelegatingMethodAccessorImpl.java:43)
	at java.lang.reflect.Method.invoke(Method.java:606)
	at org.junit.runners.model.FrameworkMethod$1.runReflectiveCall(FrameworkMethod.java:47)
	at org.junit.internal.runners.model.ReflectiveCallable.run(ReflectiveCallable.java:12)
	at org.junit.runners.model.FrameworkMethod.invokeExplosively(FrameworkMethod.java:44)
	at org.junit.internal.runners.statements.InvokeMethod.evaluate(InvokeMethod.java:17)
	at org.junit.internal.runners.statements.RunBefores.evaluate(RunBefores.java:26)
	at org.springframework.test.context.junit4.statements.RunBeforeTestMethodCallbacks.evaluate(RunBeforeTestMethodCallbacks.java:74)
	at org.junit.internal.runners.statements.RunAfters.evaluate(RunAfters.java:27)
	at org.springframework.test.context.junit4.statements.RunAfterTestMethodCallbacks.evaluate(RunAfterTestMethodCallbacks.java:83)
	at org.springframework.test.context.junit4.statements.SpringRepeat.evaluate(SpringRepeat.java:72)
	at org.springframework.test.context.junit4.SpringJUnit4ClassRunner.runChild(SpringJUnit4ClassRunner.java:233)
	at org.springframework.test.context.junit4.SpringJUnit4ClassRunner.runChild(SpringJUnit4ClassRunner.java:87)
	at org.junit.runners.ParentRunner$3.run(ParentRunner.java:238)
	at org.junit.runners.ParentRunner$1.schedule(ParentRunner.java:63)
	at org.junit.runners.ParentRunner.runChildren(ParentRunner.java:236)
	at org.junit.runners.ParentRunner.access$000(ParentRunner.java:53)
	at org.junit.runners.ParentRunner$2.evaluate(ParentRunner.java:229)
	at org.springframework.test.context.junit4.statements.RunBeforeTestClassCallbacks.evaluate(RunBeforeTestClassCallbacks.java:61)
	at org.springframework.test.context.junit4.statements.RunAfterTestClassCallbacks.evaluate(RunAfterTestClassCallbacks.java:71)
	at org.junit.runners.ParentRunner.run(ParentRunner.java:309)
	at org.springframework.test.context.junit4.SpringJUnit4ClassRunner.run(SpringJUnit4ClassRunner.java:176)
	at org.gradle.api.internal.tasks.testing.junit.JUnitTestClassExecuter.runTestClass(JUnitTestClassExecuter.java:86)
	at org.gradle.api.internal.tasks.testing.junit.JUnitTestClassExecuter.execute(JUnitTestClassExecuter.java:49)
	at org.gradle.api.internal.tasks.testing.junit.JUnitTestClassProcessor.processTestClass(JUnitTestClassProcessor.java:64)
	at org.gradle.api.internal.tasks.testing.SuiteTestClassProcessor.processTestClass(SuiteTestClassProcessor.java:50)
	at sun.reflect.NativeMethodAccessorImpl.invoke0(Native Method)
	at sun.reflect.NativeMethodAccessorImpl.invoke(NativeMethodAccessorImpl.java:57)
	at sun.reflect.DelegatingMethodAccessorImpl.invoke(DelegatingMethodAccessorImpl.java:43)
	at java.lang.reflect.Method.invoke(Method.java:606)
	at org.gradle.messaging.dispatch.ReflectionDispatch.dispatch(ReflectionDispatch.java:35)
	at org.gradle.messaging.dispatch.ReflectionDispatch.dispatch(ReflectionDispatch.java:24)
	at org.gradle.messaging.dispatch.ContextClassLoaderDispatch.dispatch(ContextClassLoaderDispatch.java:32)
	at org.gradle.messaging.dispatch.ProxyDispatchAdapter$DispatchingInvocationHandler.invoke(ProxyDispatchAdapter.java:93)
	at com.sun.proxy.$Proxy2.processTestClass(Unknown Source)
	at org.gradle.api.internal.tasks.testing.worker.TestWorker.processTestClass(TestWorker.java:106)
	at sun.reflect.NativeMethodAccessorImpl.invoke0(Native Method)
	at sun.reflect.NativeMethodAccessorImpl.invoke(NativeMethodAccessorImpl.java:57)
	at sun.reflect.DelegatingMethodAccessorImpl.invoke(DelegatingMethodAccessorImpl.java:43)
	at java.lang.reflect.Method.invoke(Method.java:606)
	at org.gradle.messaging.dispatch.ReflectionDispatch.dispatch(ReflectionDispatch.java:35)
	at org.gradle.messaging.dispatch.ReflectionDispatch.dispatch(ReflectionDispatch.java:24)
	at org.gradle.messaging.remote.internal.hub.MessageHub$Handler.run(MessageHub.java:360)
	at org.gradle.internal.concurrent.DefaultExecutorFactory$StoppableExecutorImpl$1.run(DefaultExecutorFactory.java:64)
	at java.util.concurrent.ThreadPoolExecutor.runWorker(ThreadPoolExecutor.java:1145)
	at java.util.concurrent.ThreadPoolExecutor$Worker.run(ThreadPoolExecutor.java:615)
	at java.lang.Thread.run(Thread.java:745)
com.app.shared.lexmauriscontext.legal.LitigationSubCategory.litSubCategory size must be between 0 and 256
com.athena.framework.server.exception.biz.SpartanConstraintViolationException: Exception in validating entity /com.app.shared.lexmauriscontext.legal.LitigationSubCategory.litSubCategory size must be between 0 and 256

	at com.athena.framework.server.helper.EntityValidatorHelper.validateEntity(EntityValidatorHelper.java:28)
	at com.app.shared.lexmauriscontext.legal.LitigationSubCategory.isValid(LitigationSubCategory.java:149)
	at com.app.server.service.lexmauriscontext.legal.LitigationSubCategoryTestCase.validateLitigationSubCategory(LitigationSubCategoryTestCase.java:196)
	at com.app.server.service.lexmauriscontext.legal.LitigationSubCategoryTestCase.test5NegativeTesting(LitigationSubCategoryTestCase.java:234)
	at sun.reflect.NativeMethodAccessorImpl.invoke0(Native Method)
	at sun.reflect.NativeMethodAccessorImpl.invoke(NativeMethodAccessorImpl.java:57)
	at sun.reflect.DelegatingMethodAccessorImpl.invoke(DelegatingMethodAccessorImpl.java:43)
	at java.lang.reflect.Method.invoke(Method.java:606)
	at org.junit.runners.model.FrameworkMethod$1.runReflectiveCall(FrameworkMethod.java:47)
	at org.junit.internal.runners.model.ReflectiveCallable.run(ReflectiveCallable.java:12)
	at org.junit.runners.model.FrameworkMethod.invokeExplosively(FrameworkMethod.java:44)
	at org.junit.internal.runners.statements.InvokeMethod.evaluate(InvokeMethod.java:17)
	at org.junit.internal.runners.statements.RunBefores.evaluate(RunBefores.java:26)
	at org.springframework.test.context.junit4.statements.RunBeforeTestMethodCallbacks.evaluate(RunBeforeTestMethodCallbacks.java:74)
	at org.junit.internal.runners.statements.RunAfters.evaluate(RunAfters.java:27)
	at org.springframework.test.context.junit4.statements.RunAfterTestMethodCallbacks.evaluate(RunAfterTestMethodCallbacks.java:83)
	at org.springframework.test.context.junit4.statements.SpringRepeat.evaluate(SpringRepeat.java:72)
	at org.springframework.test.context.junit4.SpringJUnit4ClassRunner.runChild(SpringJUnit4ClassRunner.java:233)
	at org.springframework.test.context.junit4.SpringJUnit4ClassRunner.runChild(SpringJUnit4ClassRunner.java:87)
	at org.junit.runners.ParentRunner$3.run(ParentRunner.java:238)
	at org.junit.runners.ParentRunner$1.schedule(ParentRunner.java:63)
	at org.junit.runners.ParentRunner.runChildren(ParentRunner.java:236)
	at org.junit.runners.ParentRunner.access$000(ParentRunner.java:53)
	at org.junit.runners.ParentRunner$2.evaluate(ParentRunner.java:229)
	at org.springframework.test.context.junit4.statements.RunBeforeTestClassCallbacks.evaluate(RunBeforeTestClassCallbacks.java:61)
	at org.springframework.test.context.junit4.statements.RunAfterTestClassCallbacks.evaluate(RunAfterTestClassCallbacks.java:71)
	at org.junit.runners.ParentRunner.run(ParentRunner.java:309)
	at org.springframework.test.context.junit4.SpringJUnit4ClassRunner.run(SpringJUnit4ClassRunner.java:176)
	at org.gradle.api.internal.tasks.testing.junit.JUnitTestClassExecuter.runTestClass(JUnitTestClassExecuter.java:86)
	at org.gradle.api.internal.tasks.testing.junit.JUnitTestClassExecuter.execute(JUnitTestClassExecuter.java:49)
	at org.gradle.api.internal.tasks.testing.junit.JUnitTestClassProcessor.processTestClass(JUnitTestClassProcessor.java:64)
	at org.gradle.api.internal.tasks.testing.SuiteTestClassProcessor.processTestClass(SuiteTestClassProcessor.java:50)
	at sun.reflect.NativeMethodAccessorImpl.invoke0(Native Method)
	at sun.reflect.NativeMethodAccessorImpl.invoke(NativeMethodAccessorImpl.java:57)
	at sun.reflect.DelegatingMethodAccessorImpl.invoke(DelegatingMethodAccessorImpl.java:43)
	at java.lang.reflect.Method.invoke(Method.java:606)
	at org.gradle.messaging.dispatch.ReflectionDispatch.dispatch(ReflectionDispatch.java:35)
	at org.gradle.messaging.dispatch.ReflectionDispatch.dispatch(ReflectionDispatch.java:24)
	at org.gradle.messaging.dispatch.ContextClassLoaderDispatch.dispatch(ContextClassLoaderDispatch.java:32)
	at org.gradle.messaging.dispatch.ProxyDispatchAdapter$DispatchingInvocationHandler.invoke(ProxyDispatchAdapter.java:93)
	at com.sun.proxy.$Proxy2.processTestClass(Unknown Source)
	at org.gradle.api.internal.tasks.testing.worker.TestWorker.processTestClass(TestWorker.java:106)
	at sun.reflect.NativeMethodAccessorImpl.invoke0(Native Method)
	at sun.reflect.NativeMethodAccessorImpl.invoke(NativeMethodAccessorImpl.java:57)
	at sun.reflect.DelegatingMethodAccessorImpl.invoke(DelegatingMethodAccessorImpl.java:43)
	at java.lang.reflect.Method.invoke(Method.java:606)
	at org.gradle.messaging.dispatch.ReflectionDispatch.dispatch(ReflectionDispatch.java:35)
	at org.gradle.messaging.dispatch.ReflectionDispatch.dispatch(ReflectionDispatch.java:24)
	at org.gradle.messaging.remote.internal.hub.MessageHub$Handler.run(MessageHub.java:360)
	at org.gradle.internal.concurrent.DefaultExecutorFactory$StoppableExecutorImpl$1.run(DefaultExecutorFactory.java:64)
	at java.util.concurrent.ThreadPoolExecutor.runWorker(ThreadPoolExecutor.java:1145)
	at java.util.concurrent.ThreadPoolExecutor$Worker.run(ThreadPoolExecutor.java:615)
	at java.lang.Thread.run(Thread.java:745)
]]></system-err>
</testsuite>
