<?xml version="1.0" encoding="UTF-8"?>
<testsuite name="com.app.server.service.lexmauriscontext.legal.ForumTestCase" tests="6" skipped="0" failures="0" errors="0" timestamp="2016-03-31T13:00:50" hostname="89899f55dcd4" time="0.089">
  <properties/>
  <testcase name="test1Save" classname="com.app.server.service.lexmauriscontext.legal.ForumTestCase" time="0.03"/>
  <testcase name="test2Update" classname="com.app.server.service.lexmauriscontext.legal.ForumTestCase" time="0.014"/>
  <testcase name="test3FindById" classname="com.app.server.service.lexmauriscontext.legal.ForumTestCase" time="0.006"/>
  <testcase name="test3findBylitCategoryId" classname="com.app.server.service.lexmauriscontext.legal.ForumTestCase" time="0.005"/>
  <testcase name="test5NegativeTesting" classname="com.app.server.service.lexmauriscontext.legal.ForumTestCase" time="0.01"/>
  <testcase name="test6Delete" classname="com.app.server.service.lexmauriscontext.legal.ForumTestCase" time="0.023"/>
  <system-out><![CDATA[[EL Fine]: sql: 2016-03-31 13:00:50.104--ClientSession(904897632)--Connection(216377202)--Thread(Thread[Test worker,5,main])--INSERT INTO ast_LitigationCategory_M (litigationCatId, litigationCat, versionId, createdBy, createdDate, updatedBy, updatedDate, activeStatus, txnAccessCode) VALUES (?, ?, ?, ?, ?, ?, ?, ?, ?)
	bind => [5F9E0D84-72A9-4C96-858F-F5A2B55E7EC6, ZiORzF9XuGjxEHJV4WHhIPFwNY4zlmwswLnOPnggMa573FWhdU, 1, AAAAA, 2016-03-31 13:00:50.101, null, 2016-03-31 13:00:50.101, 1, 51000]
Setting logged in user info for ADD
[EL Fine]: sql: 2016-03-31 13:00:50.11--ClientSession(395303052)--Connection(216377202)--Thread(Thread[Test worker,5,main])--INSERT INTO ast_Forum_M (forumId, forumDesc, litCategoryId, versionId, createdBy, createdDate, updatedBy, updatedDate, activeStatus, txnAccessCode) VALUES (?, ?, ?, ?, ?, ?, ?, ?, ?, ?)
	bind => [ABCAF542-EC16-44B8-8DAC-B3BAA1F723FF, PaBfjVpHADQ7wqxMFHY8LuKKNdG2aDipaMH5dRVmFJXhOV6u2r, 5F9E0D84-72A9-4C96-858F-F5A2B55E7EC6, 1, AAAAA, 2016-03-31 13:00:50.108, null, 2016-03-31 13:00:50.108, 1, 51000]
[EL Fine]: sql: 2016-03-31 13:00:50.118--ClientSession(1082612856)--Connection(216377202)--Thread(Thread[Test worker,5,main])--SELECT forumId, forumDesc, litCategoryId, versionId, createdBy, createdDate, updatedBy, updatedDate, activeStatus, txnAccessCode FROM ast_Forum_M WHERE ((activeStatus = ?) AND (forumId = ?))
	bind => [1, ABCAF542-EC16-44B8-8DAC-B3BAA1F723FF]
Setting logged in user info for UPDATE
[EL Fine]: sql: 2016-03-31 13:00:50.123--ClientSession(37896466)--Connection(216377202)--Thread(Thread[Test worker,5,main])--SELECT forumId, forumDesc, litCategoryId, versionId, createdBy, createdDate, updatedBy, updatedDate, activeStatus, txnAccessCode FROM ast_Forum_M WHERE (forumId = ?)
	bind => [ABCAF542-EC16-44B8-8DAC-B3BAA1F723FF]
[EL Fine]: sql: 2016-03-31 13:00:50.124--ClientSession(37896466)--Connection(216377202)--Thread(Thread[Test worker,5,main])--UPDATE ast_Forum_M SET forumDesc = ?, updatedBy = ?, versionId = ? WHERE ((forumId = ?) AND (versionId = ?))
	bind => [H0u9It2rLu1DsJw148GktV9O9JLgvvnjzLswPTuvnzBZeD9wBt, AAAAA, 2, ABCAF542-EC16-44B8-8DAC-B3BAA1F723FF, 1]
[EL Fine]: sql: 2016-03-31 13:00:50.132--ClientSession(1749349099)--Connection(216377202)--Thread(Thread[Test worker,5,main])--SELECT forumId, forumDesc, litCategoryId, versionId, createdBy, createdDate, updatedBy, updatedDate, activeStatus, txnAccessCode FROM ast_Forum_M WHERE ((activeStatus = ?) AND (forumId = ?))
	bind => [1, ABCAF542-EC16-44B8-8DAC-B3BAA1F723FF]
[EL Fine]: sql: 2016-03-31 13:00:50.138--ClientSession(1257609156)--Connection(216377202)--Thread(Thread[Test worker,5,main])--SELECT forumId, forumDesc, litCategoryId, versionId, createdBy, createdDate, updatedBy, updatedDate, activeStatus, txnAccessCode FROM ast_Forum_M WHERE ((activeStatus = ?) AND (litCategoryId = ?))
	bind => [1, 5F9E0D84-72A9-4C96-858F-F5A2B55E7EC6]
[EL Fine]: sql: 2016-03-31 13:00:50.155--ClientSession(16387197)--Connection(216377202)--Thread(Thread[Test worker,5,main])--SELECT forumId, forumDesc, litCategoryId, versionId, createdBy, createdDate, updatedBy, updatedDate, activeStatus, txnAccessCode FROM ast_Forum_M WHERE (forumId = ?)
	bind => [ABCAF542-EC16-44B8-8DAC-B3BAA1F723FF]
[EL Fine]: sql: 2016-03-31 13:00:50.157--ClientSession(16387197)--Connection(216377202)--Thread(Thread[Test worker,5,main])--DELETE FROM ast_Forum_M WHERE ((forumId = ?) AND (versionId = ?))
	bind => [ABCAF542-EC16-44B8-8DAC-B3BAA1F723FF, 2]
[EL Fine]: sql: 2016-03-31 13:00:50.167--ClientSession(201295652)--Connection(216377202)--Thread(Thread[Test worker,5,main])--SELECT litigationCatId, litigationCat, versionId, createdBy, createdDate, updatedBy, updatedDate, activeStatus, txnAccessCode FROM ast_LitigationCategory_M WHERE (litigationCatId = ?)
	bind => [5F9E0D84-72A9-4C96-858F-F5A2B55E7EC6]
[EL Fine]: sql: 2016-03-31 13:00:50.17--ClientSession(201295652)--Connection(216377202)--Thread(Thread[Test worker,5,main])--DELETE FROM ast_LitigationCategory_M WHERE ((litigationCatId = ?) AND (versionId = ?))
	bind => [5F9E0D84-72A9-4C96-858F-F5A2B55E7EC6, 1]
]]></system-out>
  <system-err><![CDATA[com.app.shared.lexmauriscontext.legal.Forum.forumDesc may not be null
com.athena.framework.server.exception.biz.SpartanConstraintViolationException: Exception in validating entity /com.app.shared.lexmauriscontext.legal.Forum.forumDesc may not be null

	at com.athena.framework.server.helper.EntityValidatorHelper.validateEntity(EntityValidatorHelper.java:28)
	at com.app.shared.lexmauriscontext.legal.Forum.isValid(Forum.java:149)
	at com.app.server.service.lexmauriscontext.legal.ForumTestCase.validateForum(ForumTestCase.java:198)
	at com.app.server.service.lexmauriscontext.legal.ForumTestCase.test5NegativeTesting(ForumTestCase.java:229)
	at sun.reflect.NativeMethodAccessorImpl.invoke0(Native Method)
	at sun.reflect.NativeMethodAccessorImpl.invoke(NativeMethodAccessorImpl.java:57)
	at sun.reflect.DelegatingMethodAccessorImpl.invoke(DelegatingMethodAccessorImpl.java:43)
	at java.lang.reflect.Method.invoke(Method.java:606)
	at org.junit.runners.model.FrameworkMethod$1.runReflectiveCall(FrameworkMethod.java:47)
	at org.junit.internal.runners.model.ReflectiveCallable.run(ReflectiveCallable.java:12)
	at org.junit.runners.model.FrameworkMethod.invokeExplosively(FrameworkMethod.java:44)
	at org.junit.internal.runners.statements.InvokeMethod.evaluate(InvokeMethod.java:17)
	at org.junit.internal.runners.statements.RunBefores.evaluate(RunBefores.java:26)
	at org.springframework.test.context.junit4.statements.RunBeforeTestMethodCallbacks.evaluate(RunBeforeTestMethodCallbacks.java:74)
	at org.junit.internal.runners.statements.RunAfters.evaluate(RunAfters.java:27)
	at org.springframework.test.context.junit4.statements.RunAfterTestMethodCallbacks.evaluate(RunAfterTestMethodCallbacks.java:83)
	at org.springframework.test.context.junit4.statements.SpringRepeat.evaluate(SpringRepeat.java:72)
	at org.springframework.test.context.junit4.SpringJUnit4ClassRunner.runChild(SpringJUnit4ClassRunner.java:233)
	at org.springframework.test.context.junit4.SpringJUnit4ClassRunner.runChild(SpringJUnit4ClassRunner.java:87)
	at org.junit.runners.ParentRunner$3.run(ParentRunner.java:238)
	at org.junit.runners.ParentRunner$1.schedule(ParentRunner.java:63)
	at org.junit.runners.ParentRunner.runChildren(ParentRunner.java:236)
	at org.junit.runners.ParentRunner.access$000(ParentRunner.java:53)
	at org.junit.runners.ParentRunner$2.evaluate(ParentRunner.java:229)
	at org.springframework.test.context.junit4.statements.RunBeforeTestClassCallbacks.evaluate(RunBeforeTestClassCallbacks.java:61)
	at org.springframework.test.context.junit4.statements.RunAfterTestClassCallbacks.evaluate(RunAfterTestClassCallbacks.java:71)
	at org.junit.runners.ParentRunner.run(ParentRunner.java:309)
	at org.springframework.test.context.junit4.SpringJUnit4ClassRunner.run(SpringJUnit4ClassRunner.java:176)
	at org.gradle.api.internal.tasks.testing.junit.JUnitTestClassExecuter.runTestClass(JUnitTestClassExecuter.java:86)
	at org.gradle.api.internal.tasks.testing.junit.JUnitTestClassExecuter.execute(JUnitTestClassExecuter.java:49)
	at org.gradle.api.internal.tasks.testing.junit.JUnitTestClassProcessor.processTestClass(JUnitTestClassProcessor.java:64)
	at org.gradle.api.internal.tasks.testing.SuiteTestClassProcessor.processTestClass(SuiteTestClassProcessor.java:50)
	at sun.reflect.NativeMethodAccessorImpl.invoke0(Native Method)
	at sun.reflect.NativeMethodAccessorImpl.invoke(NativeMethodAccessorImpl.java:57)
	at sun.reflect.DelegatingMethodAccessorImpl.invoke(DelegatingMethodAccessorImpl.java:43)
	at java.lang.reflect.Method.invoke(Method.java:606)
	at org.gradle.messaging.dispatch.ReflectionDispatch.dispatch(ReflectionDispatch.java:35)
	at org.gradle.messaging.dispatch.ReflectionDispatch.dispatch(ReflectionDispatch.java:24)
	at org.gradle.messaging.dispatch.ContextClassLoaderDispatch.dispatch(ContextClassLoaderDispatch.java:32)
	at org.gradle.messaging.dispatch.ProxyDispatchAdapter$DispatchingInvocationHandler.invoke(ProxyDispatchAdapter.java:93)
	at com.sun.proxy.$Proxy2.processTestClass(Unknown Source)
	at org.gradle.api.internal.tasks.testing.worker.TestWorker.processTestClass(TestWorker.java:106)
	at sun.reflect.NativeMethodAccessorImpl.invoke0(Native Method)
	at sun.reflect.NativeMethodAccessorImpl.invoke(NativeMethodAccessorImpl.java:57)
	at sun.reflect.DelegatingMethodAccessorImpl.invoke(DelegatingMethodAccessorImpl.java:43)
	at java.lang.reflect.Method.invoke(Method.java:606)
	at org.gradle.messaging.dispatch.ReflectionDispatch.dispatch(ReflectionDispatch.java:35)
	at org.gradle.messaging.dispatch.ReflectionDispatch.dispatch(ReflectionDispatch.java:24)
	at org.gradle.messaging.remote.internal.hub.MessageHub$Handler.run(MessageHub.java:360)
	at org.gradle.internal.concurrent.DefaultExecutorFactory$StoppableExecutorImpl$1.run(DefaultExecutorFactory.java:64)
	at java.util.concurrent.ThreadPoolExecutor.runWorker(ThreadPoolExecutor.java:1145)
	at java.util.concurrent.ThreadPoolExecutor$Worker.run(ThreadPoolExecutor.java:615)
	at java.lang.Thread.run(Thread.java:745)
com.app.shared.lexmauriscontext.legal.Forum.forumDesc size must be between 1 and 256
com.athena.framework.server.exception.biz.SpartanConstraintViolationException: Exception in validating entity /com.app.shared.lexmauriscontext.legal.Forum.forumDesc size must be between 1 and 256

	at com.athena.framework.server.helper.EntityValidatorHelper.validateEntity(EntityValidatorHelper.java:28)
	at com.app.shared.lexmauriscontext.legal.Forum.isValid(Forum.java:149)
	at com.app.server.service.lexmauriscontext.legal.ForumTestCase.validateForum(ForumTestCase.java:196)
	at com.app.server.service.lexmauriscontext.legal.ForumTestCase.test5NegativeTesting(ForumTestCase.java:234)
	at sun.reflect.NativeMethodAccessorImpl.invoke0(Native Method)
	at sun.reflect.NativeMethodAccessorImpl.invoke(NativeMethodAccessorImpl.java:57)
	at sun.reflect.DelegatingMethodAccessorImpl.invoke(DelegatingMethodAccessorImpl.java:43)
	at java.lang.reflect.Method.invoke(Method.java:606)
	at org.junit.runners.model.FrameworkMethod$1.runReflectiveCall(FrameworkMethod.java:47)
	at org.junit.internal.runners.model.ReflectiveCallable.run(ReflectiveCallable.java:12)
	at org.junit.runners.model.FrameworkMethod.invokeExplosively(FrameworkMethod.java:44)
	at org.junit.internal.runners.statements.InvokeMethod.evaluate(InvokeMethod.java:17)
	at org.junit.internal.runners.statements.RunBefores.evaluate(RunBefores.java:26)
	at org.springframework.test.context.junit4.statements.RunBeforeTestMethodCallbacks.evaluate(RunBeforeTestMethodCallbacks.java:74)
	at org.junit.internal.runners.statements.RunAfters.evaluate(RunAfters.java:27)
	at org.springframework.test.context.junit4.statements.RunAfterTestMethodCallbacks.evaluate(RunAfterTestMethodCallbacks.java:83)
	at org.springframework.test.context.junit4.statements.SpringRepeat.evaluate(SpringRepeat.java:72)
	at org.springframework.test.context.junit4.SpringJUnit4ClassRunner.runChild(SpringJUnit4ClassRunner.java:233)
	at org.springframework.test.context.junit4.SpringJUnit4ClassRunner.runChild(SpringJUnit4ClassRunner.java:87)
	at org.junit.runners.ParentRunner$3.run(ParentRunner.java:238)
	at org.junit.runners.ParentRunner$1.schedule(ParentRunner.java:63)
	at org.junit.runners.ParentRunner.runChildren(ParentRunner.java:236)
	at org.junit.runners.ParentRunner.access$000(ParentRunner.java:53)
	at org.junit.runners.ParentRunner$2.evaluate(ParentRunner.java:229)
	at org.springframework.test.context.junit4.statements.RunBeforeTestClassCallbacks.evaluate(RunBeforeTestClassCallbacks.java:61)
	at org.springframework.test.context.junit4.statements.RunAfterTestClassCallbacks.evaluate(RunAfterTestClassCallbacks.java:71)
	at org.junit.runners.ParentRunner.run(ParentRunner.java:309)
	at org.springframework.test.context.junit4.SpringJUnit4ClassRunner.run(SpringJUnit4ClassRunner.java:176)
	at org.gradle.api.internal.tasks.testing.junit.JUnitTestClassExecuter.runTestClass(JUnitTestClassExecuter.java:86)
	at org.gradle.api.internal.tasks.testing.junit.JUnitTestClassExecuter.execute(JUnitTestClassExecuter.java:49)
	at org.gradle.api.internal.tasks.testing.junit.JUnitTestClassProcessor.processTestClass(JUnitTestClassProcessor.java:64)
	at org.gradle.api.internal.tasks.testing.SuiteTestClassProcessor.processTestClass(SuiteTestClassProcessor.java:50)
	at sun.reflect.NativeMethodAccessorImpl.invoke0(Native Method)
	at sun.reflect.NativeMethodAccessorImpl.invoke(NativeMethodAccessorImpl.java:57)
	at sun.reflect.DelegatingMethodAccessorImpl.invoke(DelegatingMethodAccessorImpl.java:43)
	at java.lang.reflect.Method.invoke(Method.java:606)
	at org.gradle.messaging.dispatch.ReflectionDispatch.dispatch(ReflectionDispatch.java:35)
	at org.gradle.messaging.dispatch.ReflectionDispatch.dispatch(ReflectionDispatch.java:24)
	at org.gradle.messaging.dispatch.ContextClassLoaderDispatch.dispatch(ContextClassLoaderDispatch.java:32)
	at org.gradle.messaging.dispatch.ProxyDispatchAdapter$DispatchingInvocationHandler.invoke(ProxyDispatchAdapter.java:93)
	at com.sun.proxy.$Proxy2.processTestClass(Unknown Source)
	at org.gradle.api.internal.tasks.testing.worker.TestWorker.processTestClass(TestWorker.java:106)
	at sun.reflect.NativeMethodAccessorImpl.invoke0(Native Method)
	at sun.reflect.NativeMethodAccessorImpl.invoke(NativeMethodAccessorImpl.java:57)
	at sun.reflect.DelegatingMethodAccessorImpl.invoke(DelegatingMethodAccessorImpl.java:43)
	at java.lang.reflect.Method.invoke(Method.java:606)
	at org.gradle.messaging.dispatch.ReflectionDispatch.dispatch(ReflectionDispatch.java:35)
	at org.gradle.messaging.dispatch.ReflectionDispatch.dispatch(ReflectionDispatch.java:24)
	at org.gradle.messaging.remote.internal.hub.MessageHub$Handler.run(MessageHub.java:360)
	at org.gradle.internal.concurrent.DefaultExecutorFactory$StoppableExecutorImpl$1.run(DefaultExecutorFactory.java:64)
	at java.util.concurrent.ThreadPoolExecutor.runWorker(ThreadPoolExecutor.java:1145)
	at java.util.concurrent.ThreadPoolExecutor$Worker.run(ThreadPoolExecutor.java:615)
	at java.lang.Thread.run(Thread.java:745)
]]></system-err>
</testsuite>
