<?xml version="1.0" encoding="UTF-8"?>
<testsuite name="com.app.server.service.lexmauriscontext.userprofile.ProfileForumMapTestCase" tests="7" skipped="0" failures="0" errors="0" timestamp="2016-03-31T13:00:50" hostname="89899f55dcd4" time="0.114">
  <properties/>
  <testcase name="test1Save" classname="com.app.server.service.lexmauriscontext.userprofile.ProfileForumMapTestCase" time="0.042"/>
  <testcase name="test2Update" classname="com.app.server.service.lexmauriscontext.userprofile.ProfileForumMapTestCase" time="0.014"/>
  <testcase name="test3FindById" classname="com.app.server.service.lexmauriscontext.userprofile.ProfileForumMapTestCase" time="0.006"/>
  <testcase name="test3findByforumId" classname="com.app.server.service.lexmauriscontext.userprofile.ProfileForumMapTestCase" time="0.007"/>
  <testcase name="test3findBylitCatId" classname="com.app.server.service.lexmauriscontext.userprofile.ProfileForumMapTestCase" time="0.006"/>
  <testcase name="test5NegativeTesting" classname="com.app.server.service.lexmauriscontext.userprofile.ProfileForumMapTestCase" time="0.012"/>
  <testcase name="test6Delete" classname="com.app.server.service.lexmauriscontext.userprofile.ProfileForumMapTestCase" time="0.024"/>
  <system-out><![CDATA[[EL Fine]: sql: 2016-03-31 13:00:50.675--ClientSession(1075047811)--Connection(216377202)--Thread(Thread[Test worker,5,main])--INSERT INTO ast_LitigationCategory_M (litigationCatId, litigationCat, versionId, createdBy, createdDate, updatedBy, updatedDate, activeStatus, txnAccessCode) VALUES (?, ?, ?, ?, ?, ?, ?, ?, ?)
	bind => [E09953CB-4BBF-4FA1-9DE8-44B7E4CEEC8C, DHNlZ33EUdGulRqIUzKJrYmNIl81tz9SdbPBgnoHkRRqKh2vRH, 1, AAAAA, 2016-03-31 13:00:50.673, null, 2016-03-31 13:00:50.673, 1, 51000]
[EL Fine]: sql: 2016-03-31 13:00:50.685--ClientSession(1585782502)--Connection(216377202)--Thread(Thread[Test worker,5,main])--INSERT INTO ast_Forum_M (forumId, forumDesc, litCategoryId, versionId, createdBy, createdDate, updatedBy, updatedDate, activeStatus, txnAccessCode) VALUES (?, ?, ?, ?, ?, ?, ?, ?, ?, ?)
	bind => [E455ABD0-421C-41FC-9007-2BC766D23A43, bBBgKtX49oFhzOAt0KTC4MfFNs7dHkWv9CravMidnJin1zo9HW, E09953CB-4BBF-4FA1-9DE8-44B7E4CEEC8C, 1, AAAAA, 2016-03-31 13:00:50.673, null, 2016-03-31 13:00:50.673, 1, 51000]
Setting logged in user info for ADD
[EL Fine]: sql: 2016-03-31 13:00:50.692--ClientSession(272024485)--Connection(216377202)--Thread(Thread[Test worker,5,main])--INSERT INTO ast_ProfileForumMap_M (profileForumId, forumId, litCatId, regId, versionId, createdBy, createdDate, updatedBy, updatedDate, activeStatus, txnAccessCode) VALUES (?, ?, ?, ?, ?, ?, ?, ?, ?, ?, ?)
	bind => [FB2863E9-27C8-42E4-B07B-C062BFD7C4D3, E455ABD0-421C-41FC-9007-2BC766D23A43, E09953CB-4BBF-4FA1-9DE8-44B7E4CEEC8C, 5FFs6qgOBTzUiw3eCfsHTuc1vcGEOBDMmtU6xnbMck9qZu76dk, 1, AAAAA, 2016-03-31 13:00:50.689, null, 2016-03-31 13:00:50.689, 1, 51000]
[EL Fine]: sql: 2016-03-31 13:00:50.701--ClientSession(1206196540)--Connection(216377202)--Thread(Thread[Test worker,5,main])--SELECT profileForumId, forumId, litCatId, regId, versionId, createdBy, createdDate, updatedBy, updatedDate, activeStatus, txnAccessCode FROM ast_ProfileForumMap_M WHERE ((activeStatus = ?) AND (profileForumId = ?))
	bind => [1, FB2863E9-27C8-42E4-B07B-C062BFD7C4D3]
Setting logged in user info for UPDATE
[EL Fine]: sql: 2016-03-31 13:00:50.706--ClientSession(1926509172)--Connection(216377202)--Thread(Thread[Test worker,5,main])--SELECT profileForumId, forumId, litCatId, regId, versionId, createdBy, createdDate, updatedBy, updatedDate, activeStatus, txnAccessCode FROM ast_ProfileForumMap_M WHERE (profileForumId = ?)
	bind => [FB2863E9-27C8-42E4-B07B-C062BFD7C4D3]
[EL Fine]: sql: 2016-03-31 13:00:50.708--ClientSession(1926509172)--Connection(216377202)--Thread(Thread[Test worker,5,main])--UPDATE ast_ProfileForumMap_M SET regId = ?, updatedBy = ?, versionId = ? WHERE ((profileForumId = ?) AND (versionId = ?))
	bind => [giaaIEAn3TWMjAiFPKaBOMBKsecbSxlOzxY9AMnqonz1TFxBdb, AAAAA, 2, FB2863E9-27C8-42E4-B07B-C062BFD7C4D3, 1]
[EL Fine]: sql: 2016-03-31 13:00:50.716--ClientSession(737745366)--Connection(216377202)--Thread(Thread[Test worker,5,main])--SELECT profileForumId, forumId, litCatId, regId, versionId, createdBy, createdDate, updatedBy, updatedDate, activeStatus, txnAccessCode FROM ast_ProfileForumMap_M WHERE ((activeStatus = ?) AND (profileForumId = ?))
	bind => [1, FB2863E9-27C8-42E4-B07B-C062BFD7C4D3]
[EL Fine]: sql: 2016-03-31 13:00:50.723--ClientSession(84196112)--Connection(216377202)--Thread(Thread[Test worker,5,main])--SELECT profileForumId, forumId, litCatId, regId, versionId, createdBy, createdDate, updatedBy, updatedDate, activeStatus, txnAccessCode FROM ast_ProfileForumMap_M WHERE ((activeStatus = ?) AND (forumId = ?))
	bind => [1, E455ABD0-421C-41FC-9007-2BC766D23A43]
[EL Fine]: sql: 2016-03-31 13:00:50.729--ClientSession(447638904)--Connection(216377202)--Thread(Thread[Test worker,5,main])--SELECT profileForumId, forumId, litCatId, regId, versionId, createdBy, createdDate, updatedBy, updatedDate, activeStatus, txnAccessCode FROM ast_ProfileForumMap_M WHERE ((activeStatus = ?) AND (litCatId = ?))
	bind => [1, E09953CB-4BBF-4FA1-9DE8-44B7E4CEEC8C]
[EL Fine]: sql: 2016-03-31 13:00:50.748--ClientSession(1592496844)--Connection(216377202)--Thread(Thread[Test worker,5,main])--SELECT profileForumId, forumId, litCatId, regId, versionId, createdBy, createdDate, updatedBy, updatedDate, activeStatus, txnAccessCode FROM ast_ProfileForumMap_M WHERE (profileForumId = ?)
	bind => [FB2863E9-27C8-42E4-B07B-C062BFD7C4D3]
[EL Fine]: sql: 2016-03-31 13:00:50.75--ClientSession(1592496844)--Connection(216377202)--Thread(Thread[Test worker,5,main])--DELETE FROM ast_ProfileForumMap_M WHERE ((profileForumId = ?) AND (versionId = ?))
	bind => [FB2863E9-27C8-42E4-B07B-C062BFD7C4D3, 2]
[EL Fine]: sql: 2016-03-31 13:00:50.759--ClientSession(1944334976)--Connection(216377202)--Thread(Thread[Test worker,5,main])--SELECT forumId, forumDesc, litCategoryId, versionId, createdBy, createdDate, updatedBy, updatedDate, activeStatus, txnAccessCode FROM ast_Forum_M WHERE (forumId = ?)
	bind => [E455ABD0-421C-41FC-9007-2BC766D23A43]
[EL Fine]: sql: 2016-03-31 13:00:50.761--ClientSession(1944334976)--Connection(216377202)--Thread(Thread[Test worker,5,main])--DELETE FROM ast_Forum_M WHERE ((forumId = ?) AND (versionId = ?))
	bind => [E455ABD0-421C-41FC-9007-2BC766D23A43, 1]
[EL Fine]: sql: 2016-03-31 13:00:50.764--ClientSession(1357630646)--Connection(216377202)--Thread(Thread[Test worker,5,main])--SELECT litigationCatId, litigationCat, versionId, createdBy, createdDate, updatedBy, updatedDate, activeStatus, txnAccessCode FROM ast_LitigationCategory_M WHERE (litigationCatId = ?)
	bind => [E09953CB-4BBF-4FA1-9DE8-44B7E4CEEC8C]
[EL Fine]: sql: 2016-03-31 13:00:50.765--ClientSession(1357630646)--Connection(216377202)--Thread(Thread[Test worker,5,main])--DELETE FROM ast_LitigationCategory_M WHERE ((litigationCatId = ?) AND (versionId = ?))
	bind => [E09953CB-4BBF-4FA1-9DE8-44B7E4CEEC8C, 1]
]]></system-out>
  <system-err><![CDATA[com.app.shared.lexmauriscontext.userprofile.ProfileForumMap.regId may not be null
com.athena.framework.server.exception.biz.SpartanConstraintViolationException: Exception in validating entity /com.app.shared.lexmauriscontext.userprofile.ProfileForumMap.regId may not be null

	at com.athena.framework.server.helper.EntityValidatorHelper.validateEntity(EntityValidatorHelper.java:28)
	at com.app.shared.lexmauriscontext.userprofile.ProfileForumMap.isValid(ProfileForumMap.java:161)
	at com.app.server.service.lexmauriscontext.userprofile.ProfileForumMapTestCase.validateProfileForumMap(ProfileForumMapTestCase.java:228)
	at com.app.server.service.lexmauriscontext.userprofile.ProfileForumMapTestCase.test5NegativeTesting(ProfileForumMapTestCase.java:259)
	at sun.reflect.NativeMethodAccessorImpl.invoke0(Native Method)
	at sun.reflect.NativeMethodAccessorImpl.invoke(NativeMethodAccessorImpl.java:57)
	at sun.reflect.DelegatingMethodAccessorImpl.invoke(DelegatingMethodAccessorImpl.java:43)
	at java.lang.reflect.Method.invoke(Method.java:606)
	at org.junit.runners.model.FrameworkMethod$1.runReflectiveCall(FrameworkMethod.java:47)
	at org.junit.internal.runners.model.ReflectiveCallable.run(ReflectiveCallable.java:12)
	at org.junit.runners.model.FrameworkMethod.invokeExplosively(FrameworkMethod.java:44)
	at org.junit.internal.runners.statements.InvokeMethod.evaluate(InvokeMethod.java:17)
	at org.junit.internal.runners.statements.RunBefores.evaluate(RunBefores.java:26)
	at org.springframework.test.context.junit4.statements.RunBeforeTestMethodCallbacks.evaluate(RunBeforeTestMethodCallbacks.java:74)
	at org.junit.internal.runners.statements.RunAfters.evaluate(RunAfters.java:27)
	at org.springframework.test.context.junit4.statements.RunAfterTestMethodCallbacks.evaluate(RunAfterTestMethodCallbacks.java:83)
	at org.springframework.test.context.junit4.statements.SpringRepeat.evaluate(SpringRepeat.java:72)
	at org.springframework.test.context.junit4.SpringJUnit4ClassRunner.runChild(SpringJUnit4ClassRunner.java:233)
	at org.springframework.test.context.junit4.SpringJUnit4ClassRunner.runChild(SpringJUnit4ClassRunner.java:87)
	at org.junit.runners.ParentRunner$3.run(ParentRunner.java:238)
	at org.junit.runners.ParentRunner$1.schedule(ParentRunner.java:63)
	at org.junit.runners.ParentRunner.runChildren(ParentRunner.java:236)
	at org.junit.runners.ParentRunner.access$000(ParentRunner.java:53)
	at org.junit.runners.ParentRunner$2.evaluate(ParentRunner.java:229)
	at org.springframework.test.context.junit4.statements.RunBeforeTestClassCallbacks.evaluate(RunBeforeTestClassCallbacks.java:61)
	at org.springframework.test.context.junit4.statements.RunAfterTestClassCallbacks.evaluate(RunAfterTestClassCallbacks.java:71)
	at org.junit.runners.ParentRunner.run(ParentRunner.java:309)
	at org.springframework.test.context.junit4.SpringJUnit4ClassRunner.run(SpringJUnit4ClassRunner.java:176)
	at org.gradle.api.internal.tasks.testing.junit.JUnitTestClassExecuter.runTestClass(JUnitTestClassExecuter.java:86)
	at org.gradle.api.internal.tasks.testing.junit.JUnitTestClassExecuter.execute(JUnitTestClassExecuter.java:49)
	at org.gradle.api.internal.tasks.testing.junit.JUnitTestClassProcessor.processTestClass(JUnitTestClassProcessor.java:64)
	at org.gradle.api.internal.tasks.testing.SuiteTestClassProcessor.processTestClass(SuiteTestClassProcessor.java:50)
	at sun.reflect.NativeMethodAccessorImpl.invoke0(Native Method)
	at sun.reflect.NativeMethodAccessorImpl.invoke(NativeMethodAccessorImpl.java:57)
	at sun.reflect.DelegatingMethodAccessorImpl.invoke(DelegatingMethodAccessorImpl.java:43)
	at java.lang.reflect.Method.invoke(Method.java:606)
	at org.gradle.messaging.dispatch.ReflectionDispatch.dispatch(ReflectionDispatch.java:35)
	at org.gradle.messaging.dispatch.ReflectionDispatch.dispatch(ReflectionDispatch.java:24)
	at org.gradle.messaging.dispatch.ContextClassLoaderDispatch.dispatch(ContextClassLoaderDispatch.java:32)
	at org.gradle.messaging.dispatch.ProxyDispatchAdapter$DispatchingInvocationHandler.invoke(ProxyDispatchAdapter.java:93)
	at com.sun.proxy.$Proxy2.processTestClass(Unknown Source)
	at org.gradle.api.internal.tasks.testing.worker.TestWorker.processTestClass(TestWorker.java:106)
	at sun.reflect.NativeMethodAccessorImpl.invoke0(Native Method)
	at sun.reflect.NativeMethodAccessorImpl.invoke(NativeMethodAccessorImpl.java:57)
	at sun.reflect.DelegatingMethodAccessorImpl.invoke(DelegatingMethodAccessorImpl.java:43)
	at java.lang.reflect.Method.invoke(Method.java:606)
	at org.gradle.messaging.dispatch.ReflectionDispatch.dispatch(ReflectionDispatch.java:35)
	at org.gradle.messaging.dispatch.ReflectionDispatch.dispatch(ReflectionDispatch.java:24)
	at org.gradle.messaging.remote.internal.hub.MessageHub$Handler.run(MessageHub.java:360)
	at org.gradle.internal.concurrent.DefaultExecutorFactory$StoppableExecutorImpl$1.run(DefaultExecutorFactory.java:64)
	at java.util.concurrent.ThreadPoolExecutor.runWorker(ThreadPoolExecutor.java:1145)
	at java.util.concurrent.ThreadPoolExecutor$Worker.run(ThreadPoolExecutor.java:615)
	at java.lang.Thread.run(Thread.java:745)
com.app.shared.lexmauriscontext.userprofile.ProfileForumMap.regId size must be between 0 and 256
com.athena.framework.server.exception.biz.SpartanConstraintViolationException: Exception in validating entity /com.app.shared.lexmauriscontext.userprofile.ProfileForumMap.regId size must be between 0 and 256

	at com.athena.framework.server.helper.EntityValidatorHelper.validateEntity(EntityValidatorHelper.java:28)
	at com.app.shared.lexmauriscontext.userprofile.ProfileForumMap.isValid(ProfileForumMap.java:161)
	at com.app.server.service.lexmauriscontext.userprofile.ProfileForumMapTestCase.validateProfileForumMap(ProfileForumMapTestCase.java:226)
	at com.app.server.service.lexmauriscontext.userprofile.ProfileForumMapTestCase.test5NegativeTesting(ProfileForumMapTestCase.java:264)
	at sun.reflect.NativeMethodAccessorImpl.invoke0(Native Method)
	at sun.reflect.NativeMethodAccessorImpl.invoke(NativeMethodAccessorImpl.java:57)
	at sun.reflect.DelegatingMethodAccessorImpl.invoke(DelegatingMethodAccessorImpl.java:43)
	at java.lang.reflect.Method.invoke(Method.java:606)
	at org.junit.runners.model.FrameworkMethod$1.runReflectiveCall(FrameworkMethod.java:47)
	at org.junit.internal.runners.model.ReflectiveCallable.run(ReflectiveCallable.java:12)
	at org.junit.runners.model.FrameworkMethod.invokeExplosively(FrameworkMethod.java:44)
	at org.junit.internal.runners.statements.InvokeMethod.evaluate(InvokeMethod.java:17)
	at org.junit.internal.runners.statements.RunBefores.evaluate(RunBefores.java:26)
	at org.springframework.test.context.junit4.statements.RunBeforeTestMethodCallbacks.evaluate(RunBeforeTestMethodCallbacks.java:74)
	at org.junit.internal.runners.statements.RunAfters.evaluate(RunAfters.java:27)
	at org.springframework.test.context.junit4.statements.RunAfterTestMethodCallbacks.evaluate(RunAfterTestMethodCallbacks.java:83)
	at org.springframework.test.context.junit4.statements.SpringRepeat.evaluate(SpringRepeat.java:72)
	at org.springframework.test.context.junit4.SpringJUnit4ClassRunner.runChild(SpringJUnit4ClassRunner.java:233)
	at org.springframework.test.context.junit4.SpringJUnit4ClassRunner.runChild(SpringJUnit4ClassRunner.java:87)
	at org.junit.runners.ParentRunner$3.run(ParentRunner.java:238)
	at org.junit.runners.ParentRunner$1.schedule(ParentRunner.java:63)
	at org.junit.runners.ParentRunner.runChildren(ParentRunner.java:236)
	at org.junit.runners.ParentRunner.access$000(ParentRunner.java:53)
	at org.junit.runners.ParentRunner$2.evaluate(ParentRunner.java:229)
	at org.springframework.test.context.junit4.statements.RunBeforeTestClassCallbacks.evaluate(RunBeforeTestClassCallbacks.java:61)
	at org.springframework.test.context.junit4.statements.RunAfterTestClassCallbacks.evaluate(RunAfterTestClassCallbacks.java:71)
	at org.junit.runners.ParentRunner.run(ParentRunner.java:309)
	at org.springframework.test.context.junit4.SpringJUnit4ClassRunner.run(SpringJUnit4ClassRunner.java:176)
	at org.gradle.api.internal.tasks.testing.junit.JUnitTestClassExecuter.runTestClass(JUnitTestClassExecuter.java:86)
	at org.gradle.api.internal.tasks.testing.junit.JUnitTestClassExecuter.execute(JUnitTestClassExecuter.java:49)
	at org.gradle.api.internal.tasks.testing.junit.JUnitTestClassProcessor.processTestClass(JUnitTestClassProcessor.java:64)
	at org.gradle.api.internal.tasks.testing.SuiteTestClassProcessor.processTestClass(SuiteTestClassProcessor.java:50)
	at sun.reflect.NativeMethodAccessorImpl.invoke0(Native Method)
	at sun.reflect.NativeMethodAccessorImpl.invoke(NativeMethodAccessorImpl.java:57)
	at sun.reflect.DelegatingMethodAccessorImpl.invoke(DelegatingMethodAccessorImpl.java:43)
	at java.lang.reflect.Method.invoke(Method.java:606)
	at org.gradle.messaging.dispatch.ReflectionDispatch.dispatch(ReflectionDispatch.java:35)
	at org.gradle.messaging.dispatch.ReflectionDispatch.dispatch(ReflectionDispatch.java:24)
	at org.gradle.messaging.dispatch.ContextClassLoaderDispatch.dispatch(ContextClassLoaderDispatch.java:32)
	at org.gradle.messaging.dispatch.ProxyDispatchAdapter$DispatchingInvocationHandler.invoke(ProxyDispatchAdapter.java:93)
	at com.sun.proxy.$Proxy2.processTestClass(Unknown Source)
	at org.gradle.api.internal.tasks.testing.worker.TestWorker.processTestClass(TestWorker.java:106)
	at sun.reflect.NativeMethodAccessorImpl.invoke0(Native Method)
	at sun.reflect.NativeMethodAccessorImpl.invoke(NativeMethodAccessorImpl.java:57)
	at sun.reflect.DelegatingMethodAccessorImpl.invoke(DelegatingMethodAccessorImpl.java:43)
	at java.lang.reflect.Method.invoke(Method.java:606)
	at org.gradle.messaging.dispatch.ReflectionDispatch.dispatch(ReflectionDispatch.java:35)
	at org.gradle.messaging.dispatch.ReflectionDispatch.dispatch(ReflectionDispatch.java:24)
	at org.gradle.messaging.remote.internal.hub.MessageHub$Handler.run(MessageHub.java:360)
	at org.gradle.internal.concurrent.DefaultExecutorFactory$StoppableExecutorImpl$1.run(DefaultExecutorFactory.java:64)
	at java.util.concurrent.ThreadPoolExecutor.runWorker(ThreadPoolExecutor.java:1145)
	at java.util.concurrent.ThreadPoolExecutor$Worker.run(ThreadPoolExecutor.java:615)
	at java.lang.Thread.run(Thread.java:745)
]]></system-err>
</testsuite>
